This is pdfTeX, Version 3.141592653-2.6-1.40.24 (MiKTeX 21.12) (preloaded format=pdflatex 2022.2.28)  1 MAR 2022 15:28
entering extended mode
 restricted \write18 enabled.
 %&-line parsing enabled.
**"C:/Users/Matthew/Documents/Programming/Python Projects/senior-project/docs/N
otes.tex"

(C:/Users/Matthew/Documents/Programming/Python Projects/senior-project/docs/Not
es.tex
LaTeX2e <2021-11-15> patch level 1
L3 programming layer <2021-11-22>
(C:\Users\Matthew\AppData\Local\Programs\MiKTeX\tex/latex/base\article.cls
Document Class: article 2021/10/04 v1.4n Standard LaTeX document class
(C:\Users\Matthew\AppData\Local\Programs\MiKTeX\tex/latex/base\size10.clo
File: size10.clo 2021/10/04 v1.4n Standard LaTeX file (size option)
)
\c@part=\count183
\c@section=\count184
\c@subsection=\count185
\c@subsubsection=\count186
\c@paragraph=\count187
\c@subparagraph=\count188
\c@figure=\count189
\c@table=\count190
\abovecaptionskip=\skip47
\belowcaptionskip=\skip48
\bibindent=\dimen138
)
(C:\Users\Matthew\AppData\Local\Programs\MiKTeX\tex/latex/cite\cite.sty
LaTeX Info: Redefining \cite on input line 302.
LaTeX Info: Redefining \nocite on input line 332.
Package: cite 2015/02/27  v 5.5
)
(C:\Users\Matthew\AppData\Local\Programs\MiKTeX\tex/latex/base\inputenc.sty
Package: inputenc 2021/02/14 v1.3d Input encoding file
\inpenc@prehook=\toks16
\inpenc@posthook=\toks17
)
(C:\Users\Matthew\AppData\Local\Programs\MiKTeX\tex/latex/geometry\geometry.sty
Package: geometry 2020/01/02 v5.9 Page Geometry
(C:\Users\Matthew\AppData\Local\Programs\MiKTeX\tex/latex/graphics\keyval.sty
Package: keyval 2014/10/28 v1.15 key=value parser (DPC)
\KV@toks@=\toks18
)
(C:\Users\Matthew\AppData\Local\Programs\MiKTeX\tex/generic/iftex\ifvtex.sty
Package: ifvtex 2019/10/25 v1.7 ifvtex legacy package. Use iftex instead.

(C:\Users\Matthew\AppData\Local\Programs\MiKTeX\tex/generic/iftex\iftex.sty
Package: iftex 2020/03/06 v1.0d TeX engine tests
))
\Gm@cnth=\count191
\Gm@cntv=\count192
\c@Gm@tempcnt=\count193
\Gm@bindingoffset=\dimen139
\Gm@wd@mp=\dimen140
\Gm@odd@mp=\dimen141
\Gm@even@mp=\dimen142
\Gm@layoutwidth=\dimen143
\Gm@layoutheight=\dimen144
\Gm@layouthoffset=\dimen145
\Gm@layoutvoffset=\dimen146
\Gm@dimlist=\toks19

(C:\Users\Matthew\AppData\Local\Programs\MiKTeX\tex/latex/geometry\geometry.cfg
))
(C:\Users\Matthew\AppData\Local\Programs\MiKTeX\tex/latex/amsmath\amsmath.sty
Package: amsmath 2021/10/15 v2.17l AMS math features
\@mathmargin=\skip49

For additional information on amsmath, use the `?' option.
(C:\Users\Matthew\AppData\Local\Programs\MiKTeX\tex/latex/amsmath\amstext.sty
Package: amstext 2021/08/26 v2.01 AMS text

(C:\Users\Matthew\AppData\Local\Programs\MiKTeX\tex/latex/amsmath\amsgen.sty
File: amsgen.sty 1999/11/30 v2.0 generic functions
\@emptytoks=\toks20
\ex@=\dimen147
))
(C:\Users\Matthew\AppData\Local\Programs\MiKTeX\tex/latex/amsmath\amsbsy.sty
Package: amsbsy 1999/11/29 v1.2d Bold Symbols
\pmbraise@=\dimen148
)
(C:\Users\Matthew\AppData\Local\Programs\MiKTeX\tex/latex/amsmath\amsopn.sty
Package: amsopn 2021/08/26 v2.02 operator names
)
\inf@bad=\count194
LaTeX Info: Redefining \frac on input line 234.
\uproot@=\count195
\leftroot@=\count196
LaTeX Info: Redefining \overline on input line 399.
\classnum@=\count197
\DOTSCASE@=\count198
LaTeX Info: Redefining \ldots on input line 496.
LaTeX Info: Redefining \dots on input line 499.
LaTeX Info: Redefining \cdots on input line 620.
\Mathstrutbox@=\box50
\strutbox@=\box51
\big@size=\dimen149
LaTeX Font Info:    Redeclaring font encoding OML on input line 743.
LaTeX Font Info:    Redeclaring font encoding OMS on input line 744.
\macc@depth=\count199
\c@MaxMatrixCols=\count266
\dotsspace@=\muskip16
\c@parentequation=\count267
\dspbrk@lvl=\count268
\tag@help=\toks21
\row@=\count269
\column@=\count270
\maxfields@=\count271
\andhelp@=\toks22
\eqnshift@=\dimen150
\alignsep@=\dimen151
\tagshift@=\dimen152
\tagwidth@=\dimen153
\totwidth@=\dimen154
\lineht@=\dimen155
\@envbody=\toks23
\multlinegap=\skip50
\multlinetaggap=\skip51
\mathdisplay@stack=\toks24
LaTeX Info: Redefining \[ on input line 2938.
LaTeX Info: Redefining \] on input line 2939.
)
(C:\Users\Matthew\AppData\Local\Programs\MiKTeX\tex/latex/mathtools\mathtools.s
ty
Package: mathtools 2022/02/07 v1.28a mathematical typesetting tools
 (C:\Users\Matthew\AppData\Local\Programs\MiKTeX\tex/latex/tools\calc.sty
Package: calc 2017/05/25 v4.3 Infix arithmetic (KKT,FJ)
\calc@Acount=\count272
\calc@Bcount=\count273
\calc@Adimen=\dimen156
\calc@Bdimen=\dimen157
\calc@Askip=\skip52
\calc@Bskip=\skip53
LaTeX Info: Redefining \setlength on input line 80.
LaTeX Info: Redefining \addtolength on input line 81.
\calc@Ccount=\count274
\calc@Cskip=\skip54
)
(C:\Users\Matthew\AppData\Local\Programs\MiKTeX\tex/latex/mathtools\mhsetup.sty
Package: mhsetup 2021/03/18 v1.4 programming setup (MH)
)
\g_MT_multlinerow_int=\count275
\l_MT_multwidth_dim=\dimen158
\origjot=\skip55
\l_MT_shortvdotswithinadjustabove_dim=\dimen159
\l_MT_shortvdotswithinadjustbelow_dim=\dimen160
\l_MT_above_intertext_sep=\dimen161
\l_MT_below_intertext_sep=\dimen162
\l_MT_above_shortintertext_sep=\dimen163
\l_MT_below_shortintertext_sep=\dimen164
\xmathstrut@box=\box52
\xmathstrut@dim=\dimen165
)
(C:\Users\Matthew\AppData\Local\Programs\MiKTeX\tex/latex/musixtex\musixtex.sty

(C:\Users\Matthew\AppData\Local\Programs\MiKTeX\tex/generic/musixtex\musixtex.t
ex
MusiXTeX(c) 1.34 <2021-07-24>
\n@i=\count276
\n@ii=\count277
\n@iii=\count278
\n@iv=\count279
\n@v=\count280
\n@vi=\count281
\n@vii=\count282
\n@viii=\count283
\count@=\count284
\toks@box=\box53
\w@rkbox=\box54
\n@otebox=\box55
\y@=\dimen166
\y@i=\dimen167
\y@ii=\dimen168
\y@iii=\dimen169
\y@iv=\dimen170
\y@v=\dimen171
\group@no=\count285
\interinstrument=\dimen172
\N@s=\count286
\s@Y=\dimen173
\lin@pos=\dimen174
\meet@minus@n@iv=\count287
\interbeam=\dimen175
\b@amthick=\dimen176
\Interligne=\dimen177
\Internote=\dimen178
\ch@box=\box56
\musicsize=\count288
\qd@skip=\dimen179
\qn@width=\dimen180
\wn@width=\dimen181
\txt@ff=\skip56
\s@indent=\skip57
\big@spc=\skip58
\lthick=\dimen182
\afterruleskip=\skip59
\staffbotmarg=\dimen183
\stafftopmarg=\dimen184
\line@width=\dimen185
\interportee=\dimen186
\noport@@=\count289
\noinstrum@nt=\count290
\altportee=\dimen187
\systemheight=\dimen188
\altplancher=\dimen189
\instrum@in@group=\skip60
\boxitsep=\skip61
\barsinpi@c@=\count291
\barno=\count292
\startbarno=\count293
\sign@skip=\dimen190
\maxsign@skip=\dimen191
\x@skip=\dimen192
\n@skip=\dimen193
\beforeruleskip=\skip62
\widthtyp@=\count294
\lastbarno=\count295
\cut@v=\skip63
\init@volta@pos=\skip64
\volta@startcor=\skip65
\volta@endcor=\skip66
\writ@volta@box=\box57
\barsinlin@=\count296
\maxbarsinlin@=\count297
\lastbarpos=\skip67
\ut@ref=\count298
\meterskip=\skip68
\t@c=\toks25
\clef@skip=\skip69
\noteskip=\dimen194
\transpose=\count299
\normaltranspose=\count300
\locx@skip=\dimen195
\elemskip=\dimen196
\@l@mskip=\dimen197
\inh@alt=\count301
\st@bot=\dimen198
\st@top=\dimen199
\stem@skip=\dimen256
\s@lope=\dimen257
\y@vi=\dimen258
\lift@rest=\dimen259
\accshift=\skip70
\@icresc=\skip71
\pdl@pos=\dimen260
\bigwedgebox=\box58
\@itrillei=\skip72
\@itrilleii=\skip73
\@itrilleiii=\skip74
\@itrilleiv=\skip75
\@itrillev=\skip76
\@itrillevi=\skip77
\tr@number=\count302
\tr@nspose=\count303
\o@swz=\toks26
\o@number=\count304
\y@vii=\dimen261
\y@viii=\dimen262
\y@ix=\dimen263
\tuptxtb@x=\box59
\notes@open=\count305
\k@ii=\skip78
\i@ni=\dimen264
\b@xi=\dimen265
\b@zi=\dimen266
\c@xi=\dimen267
\c@zi=\skip79
\d@xi=\dimen268
\d@zi=\skip80
\e@xi=\dimen269
\e@zi=\skip81
\b@pi=\count306
\b@ni=\count307
\n@pi=\count308
\a@si=\count309
\o@si=\count310
\a@ci=\toks27
\o@ci=\toks28
\m@ti=\toks29
\k@iii=\skip82
\i@nii=\dimen270
\b@xii=\dimen271
\b@zii=\dimen272
\c@xii=\dimen273
\c@zii=\skip83
\d@xii=\dimen274
\d@zii=\skip84
\e@xii=\dimen275
\e@zii=\skip85
\b@pii=\count311
\b@nii=\count312
\n@pii=\count313
\a@sii=\count314
\o@sii=\count315
\a@cii=\toks30
\o@cii=\toks31
\m@tii=\toks32
\k@iiii=\skip86
\i@niii=\dimen276
\b@xiii=\dimen277
\b@ziii=\dimen278
\c@xiii=\dimen279
\c@ziii=\skip87
\d@xiii=\dimen280
\d@ziii=\skip88
\e@xiii=\dimen281
\e@ziii=\skip89
\b@piii=\count316
\b@niii=\count317
\n@piii=\count318
\a@siii=\count319
\o@siii=\count320
\a@ciii=\toks33
\o@ciii=\toks34
\m@tiii=\toks35
\k@iiv=\skip90
\i@niv=\dimen282
\b@xiv=\dimen283
\b@ziv=\dimen284
\c@xiv=\dimen285
\c@ziv=\skip91
\d@xiv=\dimen286
\d@ziv=\skip92
\e@xiv=\dimen287
\e@ziv=\skip93
\b@piv=\count321
\b@niv=\count322
\n@piv=\count323
\a@siv=\count324
\o@siv=\count325
\a@civ=\toks36
\o@civ=\toks37
\m@tiv=\toks38
\k@iv=\skip94
\i@nv=\dimen288
\b@xv=\dimen289
\b@zv=\dimen290
\c@xv=\dimen291
\c@zv=\skip95
\d@xv=\dimen292
\d@zv=\skip96
\e@xv=\dimen293
\e@zv=\skip97
\b@pv=\count326
\b@nv=\count327
\n@pv=\count328
\a@sv=\count329
\o@sv=\count330
\a@cv=\toks39
\o@cv=\toks40
\m@tv=\toks41
\k@ivi=\skip98
\i@nvi=\dimen294
\b@xvi=\dimen295
\b@zvi=\dimen296
\c@xvi=\dimen297
\c@zvi=\skip99
\d@xvi=\dimen298
\d@zvi=\skip100
\e@xvi=\dimen299
\e@zvi=\skip101
\b@pvi=\count331
\b@nvi=\count332
\n@pvi=\count333
\a@svi=\count334
\o@svi=\count335
\a@cvi=\toks42
\o@cvi=\toks43
\m@tvi=\toks44
maxinstruments=6
\f@xi=\dimen300
\f@zi=\skip102
\f@xii=\dimen301
\f@zii=\skip103
\f@xiii=\dimen302
\f@ziii=\skip104
\f@xiv=\dimen303
\f@ziv=\skip105
\f@xv=\dimen304
\f@zv=\skip106
\f@xvi=\dimen305
\f@zvi=\skip107
 max128beams=6
\g@bi=\skip108
\g@hi=\skip109
\g@bii=\skip110
\g@hii=\skip111
\g@biii=\skip112
\g@hiii=\skip113
 maxgroups=3
\s@xi=\dimen306
\s@si=\toks45
\s@Yi=\dimen307
\s@ai=\skip114
\s@yi=\count336
\s@Ni=\count337
\s@zi=\count338
\s@di=\toks46
\s@xii=\dimen308
\s@sii=\toks47
\s@Yii=\dimen309
\s@aii=\skip115
\s@yii=\count339
\s@Nii=\count340
\s@zii=\count341
\s@dii=\toks48
\s@xiii=\dimen310
\s@siii=\toks49
\s@Yiii=\dimen311
\s@aiii=\skip116
\s@yiii=\count342
\s@Niii=\count343
\s@ziii=\count344
\s@diii=\toks50
\s@xiv=\dimen312
\s@siv=\toks51
\s@Yiv=\dimen313
\s@aiv=\skip117
\s@yiv=\count345
\s@Niv=\count346
\s@ziv=\count347
\s@div=\toks52
\s@xv=\dimen314
\s@sv=\toks53
\s@Yv=\dimen315
\s@av=\skip118
\s@yv=\count348
\s@Nv=\count349
\s@zv=\count350
\s@dv=\toks54
\s@xvi=\dimen316
\s@svi=\toks55
\s@Yvi=\dimen317
\s@avi=\skip119
\s@yvi=\count351
\s@Nvi=\count352
\s@zvi=\count353
\s@dvi=\toks56
 maxslurs=6
\tr@xi=\skip120
\tr@swi=\toks57
\tr@yi=\skip121
\tr@xii=\skip122
\tr@swii=\toks58
\tr@yii=\skip123
\tr@xiii=\skip124
\tr@swiii=\toks59
\tr@yiii=\skip125
\tr@xiv=\skip126
\tr@swiv=\toks60
\tr@yiv=\skip127
\tr@xv=\skip128
\tr@swv=\toks61
\tr@yv=\skip129
\tr@xvi=\skip130
\tr@swvi=\toks62
\tr@yvi=\skip131
 maxtrills=6
\o@xi=\skip132
\o@yi=\skip133
\o@swi=\toks63
\o@xii=\skip134
\o@yii=\skip135
\o@swii=\toks64
\o@xiii=\skip136
\o@yiii=\skip137
\o@swiii=\toks65
\o@xiv=\skip138
\o@yiv=\skip139
\o@swiv=\toks66
\o@xv=\skip140
\o@yv=\skip141
\o@swv=\toks67
\o@xvi=\skip142
\o@yvi=\skip143
\o@swvi=\toks68

maxoctlines=6
\outmux=\write3
\mulooseness=\count354
\linegoal=\count355
\l@eftrightbox=\box60
\stringraise=\count356
\stringnum=\count357
\nslashes=\count358
\tiny@hgt=\count359
\inmux=\read2
)
(C:\Users\Matthew\AppData\Local\Programs\MiKTeX\tex/latex/musixtex\musixltx.tex
MusiXLaTeX T.125 <8 April 2017>
))
(C:\Users\Matthew\AppData\Local\Programs\MiKTeX\tex/latex/titling\titling.sty
Package: titling 2009/09/04 v2.1d maketitle typesetting
\thanksmarkwidth=\skip144
\thanksmargin=\skip145
\droptitle=\skip146
)
(C:\Users\Matthew\AppData\Local\Programs\MiKTeX\tex/latex/graphics\graphicx.sty
Package: graphicx 2021/09/16 v1.2d Enhanced LaTeX Graphics (DPC,SPQR)

(C:\Users\Matthew\AppData\Local\Programs\MiKTeX\tex/latex/graphics\graphics.sty
Package: graphics 2021/03/04 v1.4d Standard LaTeX Graphics (DPC,SPQR)
(C:\Users\Matthew\AppData\Local\Programs\MiKTeX\tex/latex/graphics\trig.sty
Package: trig 2021/08/11 v1.11 sin cos tan (DPC)
)
(C:\Users\Matthew\AppData\Local\Programs\MiKTeX\tex/latex/graphics-cfg\graphics
.cfg
File: graphics.cfg 2016/06/04 v1.11 sample graphics configuration
)
Package graphics Info: Driver file: pdftex.def on input line 107.

(C:\Users\Matthew\AppData\Local\Programs\MiKTeX\tex/latex/graphics-def\pdftex.d
ef
File: pdftex.def 2020/10/05 v1.2a Graphics/color driver for pdftex
))
\Gin@req@height=\dimen318
\Gin@req@width=\dimen319
)
(C:\Users\Matthew\AppData\Local\Programs\MiKTeX\tex/latex/marvosym\marvosym.sty
Package: marvosym 2011/07/20 v2.2 Martin Vogel's Symbols font definitions
) (C:\Users\Matthew\AppData\Local\Programs\MiKTeX\tex/latex/float\float.sty
Package: float 2001/11/08 v1.3d Float enhancements (AL)
\c@float@type=\count360
\float@exts=\toks69
\float@box=\box61
\@float@everytoks=\toks70
\@floatcapt=\box62
)
(C:\Users\Matthew\AppData\Local\Programs\MiKTeX\tex/latex/l3backend\l3backend-p
dftex.def
File: l3backend-pdftex.def 2021-10-18 L3 backend support: PDF output (pdfTeX)
\l__color_backend_stack_int=\count361
\l__pdf_internal_box=\box63
)
No file Notes.aux.
\openout1 = `Notes.aux'.

LaTeX Font Info:    Checking defaults for OML/cmm/m/it on input line 36.
LaTeX Font Info:    ... okay on input line 36.
LaTeX Font Info:    Checking defaults for OMS/cmsy/m/n on input line 36.
LaTeX Font Info:    ... okay on input line 36.
LaTeX Font Info:    Checking defaults for OT1/cmr/m/n on input line 36.
LaTeX Font Info:    ... okay on input line 36.
LaTeX Font Info:    Checking defaults for T1/cmr/m/n on input line 36.
LaTeX Font Info:    ... okay on input line 36.
LaTeX Font Info:    Checking defaults for TS1/cmr/m/n on input line 36.
LaTeX Font Info:    ... okay on input line 36.
LaTeX Font Info:    Checking defaults for OMX/cmex/m/n on input line 36.
LaTeX Font Info:    ... okay on input line 36.
LaTeX Font Info:    Checking defaults for U/cmr/m/n on input line 36.
LaTeX Font Info:    ... okay on input line 36.
*geometry* driver: auto-detecting
*geometry* detected driver: pdftex
*geometry* verbose mode - [ preamble ] result:
* driver: pdftex
* paper: <default>
* layout: <same size as paper>
* layoutoffset:(h,v)=(0.0pt,0.0pt)
* modes: 
* h-part:(L,W,R)=(85.35826pt, 457.80486pt, 71.13188pt)
* v-part:(T,H,B)=(78.24507pt, 645.59303pt, 71.13188pt)
* \paperwidth=614.295pt
* \paperheight=794.96999pt
* \textwidth=457.80486pt
* \textheight=645.59303pt
* \oddsidemargin=13.08827pt
* \evensidemargin=13.08827pt
* \topmargin=-31.02492pt
* \headheight=12.0pt
* \headsep=25.0pt
* \topskip=10.0pt
* \footskip=30.0pt
* \marginparwidth=65.0pt
* \marginparsep=11.0pt
* \columnsep=10.0pt
* \skip\footins=9.0pt plus 4.0pt minus 2.0pt
* \hoffset=0.0pt
* \voffset=0.0pt
* \mag=1000
* \@twocolumnfalse
* \@twosidefalse
* \@mparswitchfalse
* \@reversemarginfalse
* (1in=72.27pt=25.4mm, 1cm=28.453pt)


(C:\Users\Matthew\AppData\Local\Programs\MiKTeX\tex/context/base/mkii\supp-pdf.
mkii
[Loading MPS to PDF converter (version 2006.09.02).]
\scratchcounter=\count362
\scratchdimen=\dimen320
\scratchbox=\box64
\nofMPsegments=\count363
\nofMParguments=\count364
\everyMPshowfont=\toks71
\MPscratchCnt=\count365
\MPscratchDim=\dimen321
\MPnumerator=\count366
\makeMPintoPDFobject=\count367
\everyMPtoPDFconversion=\toks72
)
(C:\Users\Matthew\AppData\Local\Programs\MiKTeX\tex/latex/epstopdf-pkg\epstopdf
-base.sty
Package: epstopdf-base 2020-01-24 v2.11 Base part for package epstopdf
Package epstopdf-base Info: Redefining graphics rule for `.eps' on input line 4
85.

(C:\Users\Matthew\AppData\Local\Programs\MiKTeX\tex/latex/00miktex\epstopdf-sys
.cfg
File: epstopdf-sys.cfg 2021/03/18 v2.0 Configuration of epstopdf for MiKTeX
))
\openout3 = `Notes.mx1'.



LaTeX Warning: Citation `hertzDefinition' on page 1 undefined on input line 51.



LaTeX Warning: Citation `boatwright1956musictheory' on page 1 undefined on inpu
t line 51.


LaTeX Warning: Citation `lenssen2014fouriermusic' on page 1 undefined on input 
line 51.


LaTeX Warning: Reference `fig:sound wave 1' on page 1 undefined on input line 5
1.

<./Images//Sound Waves JPG.jpg, id=1, 360.1455pt x 162.6075pt>
File: ./Images//Sound Waves JPG.jpg Graphic file (type jpg)
<use ./Images//Sound Waves JPG.jpg>
Package pdftex.def Info: ./Images//Sound Waves JPG.jpg  used on input line 55.
(pdftex.def)             Requested size: 320.46199pt x 144.69788pt.

LaTeX Warning: Citation `nave2017hyperphysics' on page 1 undefined on input lin
e 56.


LaTeX Warning: Citation `tuningSystems' on page 1 undefined on input line 64.


! LaTeX Error: Environment lilypond undefined.

See the LaTeX manual or LaTeX Companion for explanation.
Type  H <return>  for immediate help.
 ...                                              
                                                  
l.67 \begin{lilypond}
                     [quote,fragment,staffsize=26]
? 

! LaTeX Error: \begin{document} ended by \end{lilypond}.

See the LaTeX manual or LaTeX Companion for explanation.
Type  H <return>  for immediate help.
 ...                                              
                                                  
l.69 \end{lilypond}
                   
? 

LaTeX Warning: Citation `hsu1970fourier' on page 1 undefined on input line 92.

[1

{C:/Users/Matthew/AppData/Local/MiKTeX/fonts/map/pdftex/pdftex.map} <C:/Users/M
atthew/Documents/Programming/Python Projects/senior-project/docs/Images/Sound W
aves JPG.jpg>]

LaTeX Warning: Reference `fig:sound wave 1' on page 2 undefined on input line 1
04.


LaTeX Warning: Reference `fig:frequency graphs' on page 2 undefined on input li
ne 104.


LaTeX Warning: Citation `morrison1994fourier' on page 2 undefined on input line
 104.


LaTeX Warning: Citation `shields1968linearalgebra' on page 2 undefined on input
 line 127.


LaTeX Warning: Citation `shields1968linearalgebra' on page 2 undefined on input
 line 137.

[2]

LaTeX Warning: Citation `shields1968linearalgebra' on page 3 undefined on input
 line 153.


LaTeX Warning: Citation `shields1968linearalgebra' on page 3 undefined on input
 line 155.


LaTeX Warning: Citation `morrison1994fourier' on page 3 undefined on input line
 162.


LaTeX Warning: Citation `morrison1994fourier' on page 3 undefined on input line
 175.


LaTeX Warning: Reference `eq:2.19' on page 3 undefined on input line 205.


LaTeX Warning: Reference `eq:2.19' on page 3 undefined on input line 219.

[3]

LaTeX Warning: Citation `morrison1994fourier' on page 4 undefined on input line
 229.


LaTeX Warning: Citation `morrison1994fourier' on page 4 undefined on input line
 279.

[4]

LaTeX Warning: Reference `eq:2.27' on page 5 undefined on input line 308.


LaTeX Warning: Reference `eq:2.28' on page 5 undefined on input line 309.


LaTeX Warning: Citation `morrison1994fourier' on page 5 undefined on input line
 310.


LaTeX Warning: Citation `morrison1994fourier' on page 5 undefined on input line
 318.


LaTeX Warning: Reference `eq:3.16' on page 5 undefined on input line 344.


LaTeX Warning: Reference `eq:3.15' on page 5 undefined on input line 344.


LaTeX Warning: Citation `morrison1994fourier' on page 5 undefined on input line
 344.

[5]

LaTeX Warning: Reference `fig:time_1' on page 6 undefined on input line 416.


LaTeX Warning: Citation `hunter2007pyplot' on page 6 undefined on input line 41
6.


LaTeX Warning: Citation `pyaudio' on page 6 undefined on input line 416.


LaTeX Warning: Citation `python' on page 6 undefined on input line 416.


LaTeX Warning: Reference `fig:time_2' on page 6 undefined on input line 416.

[6]
<./Images//Alan_1.jpeg, id=35, 947.4597pt x 250.7769pt>
File: ./Images//Alan_1.jpeg Graphic file (type jpg)
<use ./Images//Alan_1.jpeg>
Package pdftex.def Info: ./Images//Alan_1.jpeg  used on input line 420.
(pdftex.def)             Requested size: 480.69649pt x 127.23253pt.

Overfull \hbox (22.89163pt too wide) in paragraph at lines 420--421
 [][] 

\hbox(127.23253+0.0)x457.80486 []


LaTeX Warning: Citation `noteFrequencies' on page 7 undefined on input line 421
.


LaTeX Warning: Citation `noteFrequencies' on page 7 undefined on input line 421
.

<./Images//Matt_1.jpeg, id=36, 950.3505pt x 248.6088pt>
File: ./Images//Matt_1.jpeg Graphic file (type jpg)
<use ./Images//Matt_1.jpeg>
Package pdftex.def Info: ./Images//Matt_1.jpeg  used on input line 427.
(pdftex.def)             Requested size: 480.69649pt x 125.74559pt.

Overfull \hbox (22.89163pt too wide) in paragraph at lines 427--428
 [][] 

\hbox(125.74559+0.0)x457.80486 []


LaTeX Warning: Reference `fig:time_1' on page 7 undefined on input line 434.


LaTeX Warning: Reference `fig:time_2' on page 7 undefined on input line 434.


LaTeX Warning: Reference `fig:time_1' on page 7 undefined on input line 434.


LaTeX Warning: Reference `fig:time_2' on page 7 undefined on input line 434.


LaTeX Warning: Citation `scipy' on page 7 undefined on input line 434.


LaTeX Warning: Reference `fig:frequency_1' on page 7 undefined on input line 43
6.


LaTeX Warning: Reference `fig:frequency_2' on page 7 undefined on input line 43
6.

<./Images//Alan_1_freq.jpeg, id=37, 926.5014pt x 222.5916pt>
File: ./Images//Alan_1_freq.jpeg Graphic file (type jpg)
<use ./Images//Alan_1_freq.jpeg>
Package pdftex.def Info: ./Images//Alan_1_freq.jpeg  used on input line 440.
(pdftex.def)             Requested size: 480.69649pt x 115.49016pt.

Overfull \hbox (22.89163pt too wide) in paragraph at lines 440--441
 [][] 

\hbox(115.49016+0.0)x457.80486 []


LaTeX Warning: Reference `fig:time_1' on page 7 undefined on input line 441.

[7 <C:/Users/Matthew/Documents/Programming/Python Projects/senior-project/docs/
Images/Alan_1.jpeg> <C:/Users/Matthew/Documents/Programming/Python Projects/sen
ior-project/docs/Images/Matt_1.jpeg>]
<./Images//Matt_1_freq.jpeg, id=42, 942.4008pt x 226.2051pt>
File: ./Images//Matt_1_freq.jpeg Graphic file (type jpg)
<use ./Images//Matt_1_freq.jpeg>
Package pdftex.def Info: ./Images//Matt_1_freq.jpeg  used on input line 447.
(pdftex.def)             Requested size: 480.69649pt x 115.38377pt.

Overfull \hbox (22.89163pt too wide) in paragraph at lines 447--448
 [][] 

\hbox(115.38377+0.0)x457.80486 []


LaTeX Warning: Reference `fig:time_2' on page 8 undefined on input line 448.


LaTeX Warning: Reference `fig:time_2' on page 8 undefined on input line 448.

LaTeX Font Info:    Trying to load font information for U+mvs on input line 474
.
(C:\Users\Matthew\AppData\Local\Programs\MiKTeX\tex/latex/marvosym\umvs.fd)
No file Notes.bbl.
[8 <C:/Users/Matthew/Documents/Programming/Python Projects/senior-project/docs/
Images/Alan_1_freq.jpeg> <C:/Users/Matthew/Documents/Programming/Python Project
s/senior-project/docs/Images/Matt_1_freq.jpeg>] (Notes.aux)

LaTeX Warning: There were undefined references.


LaTeX Warning: Label(s) may have changed. Rerun to get cross-references right.

 ) 
Here is how much of TeX's memory you used:
 5923 strings out of 478659
 78558 string characters out of 2844972
 407083 words of memory out of 3000000
 23902 multiletter control sequences out of 15000+600000
 476656 words of font info for 185 fonts, out of 8000000 for 9000
 1141 hyphenation exceptions out of 8191
 55i,11n,62p,1381b,262s stack positions out of 5000i,500n,10000p,200000b,80000s
 <C:\Users\Matthew\AppData\Local\MiKTeX\fonts/pk/ljfour/jknappen/ec/dpi600\tc
rm1000.pk><C:/Users/Matthew/AppData/Local/Programs/MiKTeX/fonts/type1/public/am
sfonts/cm/cmbx10.pfb><C:/Users/Matthew/AppData/Local/Programs/MiKTeX/fonts/type
1/public/amsfonts/cm/cmbx12.pfb><C:/Users/Matthew/AppData/Local/Programs/MiKTeX
/fonts/type1/public/amsfonts/cm/cmex10.pfb><C:/Users/Matthew/AppData/Local/Prog
rams/MiKTeX/fonts/type1/public/amsfonts/cm/cmmi10.pfb><C:/Users/Matthew/AppData
/Local/Programs/MiKTeX/fonts/type1/public/amsfonts/cm/cmmi5.pfb><C:/Users/Matth
ew/AppData/Local/Programs/MiKTeX/fonts/type1/public/amsfonts/cm/cmmi7.pfb><C:/U
sers/Matthew/AppData/Local/Programs/MiKTeX/fonts/type1/public/amsfonts/cm/cmr10
.pfb><C:/Users/Matthew/AppData/Local/Programs/MiKTeX/fonts/type1/public/amsfont
s/cm/cmr12.pfb><C:/Users/Matthew/AppData/Local/Programs/MiKTeX/fonts/type1/publ
ic/amsfonts/cm/cmr5.pfb><C:/Users/Matthew/AppData/Local/Programs/MiKTeX/fonts/t
ype1/public/amsfonts/cm/cmr7.pfb><C:/Users/Matthew/AppData/Local/Programs/MiKTe
X/fonts/type1/public/amsfonts/cm/cmsy10.pfb><C:/Users/Matthew/AppData/Local/Pro
grams/MiKTeX/fonts/type1/public/amsfonts/cm/cmsy5.pfb><C:/Users/Matthew/AppData
/Local/Programs/MiKTeX/fonts/type1/public/amsfonts/cm/cmsy7.pfb><C:/Users/Matth
ew/AppData/Local/Programs/MiKTeX/fonts/type1/public/marvosym/marvosym.pfb>
Output written on Notes.pdf (8 pages, 515402 bytes).
PDF statistics:
 109 PDF objects out of 1000 (max. 8388607)
 0 named destinations out of 1000 (max. 500000)
 26 words of extra memory for PDF output out of 10000 (max. 10000000)

